18:09:42.640  [INFO ] Started executing feature [unrelated]
18:09:42.641  [INFO ] Started executing feature [super hero squad]
18:09:42.643  [INFO ] Started executing test ["Eternal Flame" is immortal] at [unrelated/super hero squad/_Eternal Flame_ is immortal.test]
18:09:43.203  [INFO ] 18:09:42.645 [main] INFO com.testerum.runner_cmdline.runner_tree.nodes.hook.RunnerHook - start executing hook HookDef(phase=BEFORE_EACH_TEST, className=http.mock.HttpMockSteps, methodName=beforeTest, order=1000000, description=null)
18:09:43.203  [INFO ] 18:09:43.203 [main] INFO com.testerum.runner_cmdline.runner_tree.nodes.hook.RunnerHook - done executing hook HookDef(phase=BEFORE_EACH_TEST, className=http.mock.HttpMockSteps, methodName=beforeTest, order=1000000, description=null)
18:09:43.203  [INFO ] 
18:09:43.206  [INFO ] Started executing step [BASIC: GIVEN the HTTP Mock Server <<httpMockServer=file:Sample Mock Server.http.mock.server...>> with the Mock Request <<httpMock=file:heroes/Hero Squad.http.stub.yaml>>]
18:09:44.981  [INFO ] 18:09:44.845 [main] INFO wiremock.org.eclipse.jetty.util.log - Logging initialized @4869ms
18:09:44.981  [INFO ] 18:09:44.921 [main] INFO wiremock.org.eclipse.jetty.server.Server - jetty-9.2.z-SNAPSHOT
18:09:44.981  [INFO ] 18:09:44.938 [main] INFO wiremock.org.eclipse.jetty.server.handler.ContextHandler - Started w.o.e.j.s.ServletContextHandler@3ab70d34{/__admin,null,AVAILABLE}
18:09:44.981  [INFO ] 18:09:44.938 [main] INFO wiremock.org.eclipse.jetty.server.handler.ContextHandler - Started w.o.e.j.s.ServletContextHandler@7af0693b{/,null,AVAILABLE}
18:09:44.981  [INFO ] 18:09:44.950 [main] INFO wiremock.org.eclipse.jetty.server.NetworkTrafficServerConnector - Started NetworkTrafficServerConnector@37f627d0{HTTP/1.1}{0.0.0.0:12121}
18:09:44.981  [INFO ] 18:09:44.950 [main] INFO wiremock.org.eclipse.jetty.server.Server - Started @4975ms
18:09:44.981  [INFO ] 
18:09:44.981  [INFO ] Finished executing step [BASIC: GIVEN the HTTP Mock Server <<httpMockServer=file:Sample Mock Server.http.mock.server...>> with the Mock Request <<httpMock=file:heroes/Hero Squad.http.stub.yaml>>]; status: [PASSED]
18:09:44.987  [INFO ] Started executing step [BASIC: WHEN I execute <<httpRequest={"method":"GET","url":"http://localhost:...>> HTTP Request]
18:09:45.053  [INFO ] HTTP Request [
GET http://localhost:12121/heros

]
18:09:45.577  [INFO ] 18:09:45.186 [qtp848019559-20] INFO / - RequestHandlerClass from context returned com.github.tomakehurst.wiremock.http.StubRequestHandler. Normalized mapped under returned 'null'
18:09:45.577  [INFO ] 
18:09:45.577  [INFO ] HTTP Response [
HTTP/1.1 200
Content-Type: application/json
Vary: Accept-Encoding, User-Agent
Transfer-Encoding: chunked
Server: Jetty(9.2.z-SNAPSHOT)

{
  "squadName" : "Super hero squad",
  "homeTown" : "Metro City",
  "formed" : 2016,
  "secretBase" : "Super tower",
  "active" : true,
  "members" : [ {
    "name" : "Molecule Man",
    "age" : 29,
    "secretIdentity" : "Dan Jukes",
    "powers" : [ "Radiation resistance", "Turning tiny", "Radiation blast" ]
  }, {
    "name" : "Madame Uppercut",
    "age" : 39,
    "secretIdentity" : "Jane Wilson",
    "powers" : [ "Million tonne punch", "Damage resistance", "Superhuman reflexes" ]
  }, {
    "name" : "Eternal Flame",
    "age" : 1000000,
    "secretIdentity" : "Unknown",
    "powers" : [ "Immortality", "Heat Immunity", "Inferno", "Teleportation", "Interdimensional travel" ]
  } ]
}
]
18:09:45.579  [INFO ] Http Request executed successfully
18:09:45.579  [INFO ] Finished executing step [BASIC: WHEN I execute <<httpRequest={"method":"GET","url":"http://localhost:...>> HTTP Request]; status: [PASSED]
18:09:45.580  [INFO ] Started executing step [BASIC: THEN I expect <<httpResponseVerify={"expectedStatusCode":200,"expectedBody"...>> HTTP Response]
18:09:45.719  [INFO ] Finished executing step [BASIC: THEN I expect <<httpResponseVerify={"expectedStatusCode":200,"expectedBody"...>> HTTP Response]; status: [PASSED]
18:09:45.721  [INFO ] 18:09:45.720 [main] INFO com.testerum.runner_cmdline.runner_tree.nodes.hook.RunnerHook - start executing hook HookDef(phase=AFTER_EACH_TEST, className=selenium.actions.hooks.WebDriverShutdownHook, methodName=destroyWebDriver, order=2147483647, description=null)
18:09:45.721  [INFO ] 18:09:45.720 [main] INFO com.testerum.runner_cmdline.runner_tree.nodes.hook.RunnerHook - done executing hook HookDef(phase=AFTER_EACH_TEST, className=selenium.actions.hooks.WebDriverShutdownHook, methodName=destroyWebDriver, order=2147483647, description=null)
18:09:45.721  [INFO ] 
18:09:45.721  [INFO ] Finished executing test ["Eternal Flame" is immortal] at [unrelated/super hero squad/_Eternal Flame_ is immortal.test]; status: [PASSED]
18:09:45.725  [INFO ] Started executing test [Verify full squad] at [unrelated/super hero squad/Verify full squad.test]
18:09:45.726  [INFO ] 18:09:45.725 [main] INFO com.testerum.runner_cmdline.runner_tree.nodes.hook.RunnerHook - start executing hook HookDef(phase=BEFORE_EACH_TEST, className=http.mock.HttpMockSteps, methodName=beforeTest, order=1000000, description=null)
18:09:45.726  [INFO ] 18:09:45.725 [main] INFO com.testerum.runner_cmdline.runner_tree.nodes.hook.RunnerHook - done executing hook HookDef(phase=BEFORE_EACH_TEST, className=http.mock.HttpMockSteps, methodName=beforeTest, order=1000000, description=null)
18:09:45.726  [INFO ] 
18:09:45.728  [INFO ] Started executing step [BASIC: GIVEN the HTTP Mock Server <<httpMockServer=file:Sample Mock Server.http.mock.server...>> with the Mock Request <<httpMock=file:heroes/Hero Squad.http.stub.yaml>>]
18:09:45.822  [INFO ] Finished executing step [BASIC: GIVEN the HTTP Mock Server <<httpMockServer=file:Sample Mock Server.http.mock.server...>> with the Mock Request <<httpMock=file:heroes/Hero Squad.http.stub.yaml>>]; status: [PASSED]
18:09:45.823  [INFO ] Started executing step [BASIC: WHEN I execute <<httpRequest={"method":"GET","url":"http://localhost:...>> HTTP Request]
18:09:45.862  [INFO ] HTTP Request [
GET http://localhost:12121/heros

]
18:09:45.873  [INFO ] HTTP Response [
HTTP/1.1 200
Content-Type: application/json
Vary: Accept-Encoding, User-Agent
Transfer-Encoding: chunked
Server: Jetty(9.2.z-SNAPSHOT)

{
  "squadName" : "Super hero squad",
  "homeTown" : "Metro City",
  "formed" : 2016,
  "secretBase" : "Super tower",
  "active" : true,
  "members" : [ {
    "name" : "Molecule Man",
    "age" : 29,
    "secretIdentity" : "Dan Jukes",
    "powers" : [ "Radiation resistance", "Turning tiny", "Radiation blast" ]
  }, {
    "name" : "Madame Uppercut",
    "age" : 39,
    "secretIdentity" : "Jane Wilson",
    "powers" : [ "Million tonne punch", "Damage resistance", "Superhuman reflexes" ]
  }, {
    "name" : "Eternal Flame",
    "age" : 1000000,
    "secretIdentity" : "Unknown",
    "powers" : [ "Immortality", "Heat Immunity", "Inferno", "Teleportation", "Interdimensional travel" ]
  } ]
}
]
18:09:45.874  [INFO ] Http Request executed successfully
18:09:45.874  [INFO ] Finished executing step [BASIC: WHEN I execute <<httpRequest={"method":"GET","url":"http://localhost:...>> HTTP Request]; status: [PASSED]
18:09:45.875  [INFO ] Started executing step [BASIC: THEN I expect <<httpResponseVerify={"expectedStatusCode":200,"expectedBody"...>> HTTP Response]
18:09:45.945  [INFO ] Finished executing step [BASIC: THEN I expect <<httpResponseVerify={"expectedStatusCode":200,"expectedBody"...>> HTTP Response]; status: [PASSED]
18:09:45.946  [INFO ] 18:09:45.946 [main] INFO com.testerum.runner_cmdline.runner_tree.nodes.hook.RunnerHook - start executing hook HookDef(phase=AFTER_EACH_TEST, className=selenium.actions.hooks.WebDriverShutdownHook, methodName=destroyWebDriver, order=2147483647, description=null)
18:09:45.946  [INFO ] 18:09:45.946 [main] INFO com.testerum.runner_cmdline.runner_tree.nodes.hook.RunnerHook - done executing hook HookDef(phase=AFTER_EACH_TEST, className=selenium.actions.hooks.WebDriverShutdownHook, methodName=destroyWebDriver, order=2147483647, description=null)
18:09:45.946  [INFO ] 
18:09:45.946  [INFO ] Finished executing test [Verify full squad] at [unrelated/super hero squad/Verify full squad.test]; status: [PASSED]
18:09:45.949  [INFO ] Finished executing feature [super hero squad]; status: [PASSED]
18:09:45.951  [INFO ] Started executing test [JS expressions] at [unrelated/JS expressions.test]
18:09:45.952  [INFO ] 18:09:45.952 [main] INFO com.testerum.runner_cmdline.runner_tree.nodes.hook.RunnerHook - start executing hook HookDef(phase=BEFORE_EACH_TEST, className=http.mock.HttpMockSteps, methodName=beforeTest, order=1000000, description=null)
18:09:45.952  [INFO ] 18:09:45.952 [main] INFO com.testerum.runner_cmdline.runner_tree.nodes.hook.RunnerHook - done executing hook HookDef(phase=BEFORE_EACH_TEST, className=http.mock.HttpMockSteps, methodName=beforeTest, order=1000000, description=null)
18:09:45.952  [INFO ] 
18:09:45.953  [INFO ] Started executing step [BASIC: GIVEN the variable <<name=today>> with value <<value={{new Date().toISOString().substr(0, 10)...>>]
18:09:46.013  [INFO ] Finished executing step [BASIC: GIVEN the variable <<name=today>> with value <<value={{new Date().toISOString().substr(0, 10)...>>]; status: [PASSED]
18:09:46.014  [INFO ] Started executing step [BASIC: THEN <<actualValue={{today}}>> is equal to <<expectedValue=2018-11-29>>]
18:09:46.069  [INFO ] Finished executing step [BASIC: THEN <<actualValue={{today}}>> is equal to <<expectedValue=2018-11-29>>]; status: [FAILED]; exception:
java.lang.AssertionError: expected [1979] to be equal to [2018-11-29], but was not
	at assertions.AssertionsSteps.assertEqualValues(AssertionsSteps.kt:12)
	at sun.reflect.NativeMethodAccessorImpl.invoke0(Native Method)
	at sun.reflect.NativeMethodAccessorImpl.invoke(NativeMethodAccessorImpl.java:62)
	at sun.reflect.DelegatingMethodAccessorImpl.invoke(DelegatingMethodAccessorImpl.java:43)
	at java.lang.reflect.Method.invoke(Method.java:498)
	at com.testerum.runner_cmdline.runner_tree.nodes.step.impl.RunnerBasicStep.doRun(RunnerBasicStep.kt:53)
	at com.testerum.runner_cmdline.runner_tree.nodes.step.RunnerStep.run(RunnerStep.kt:32)
	at com.testerum.runner_cmdline.runner_tree.nodes.test.RunnerTest.tryToRun(RunnerTest.kt:109)
	at com.testerum.runner_cmdline.runner_tree.nodes.test.RunnerTest.run(RunnerTest.kt:62)
	at com.testerum.runner_cmdline.runner_tree.nodes.feature.RunnerFeature.tryToRun(RunnerFeature.kt:61)
	at com.testerum.runner_cmdline.runner_tree.nodes.feature.RunnerFeature.run(RunnerFeature.kt:46)
	at com.testerum.runner_cmdline.runner_tree.nodes.suite.RunnerSuite.runTests(RunnerSuite.kt:112)
	at com.testerum.runner_cmdline.runner_tree.nodes.suite.RunnerSuite.run(RunnerSuite.kt:66)
	at com.testerum.runner_cmdline.RunnerApplication$tryToExecute$executionStatus$1.invoke(RunnerApplication.kt:116)
	at com.testerum.runner_cmdline.RunnerApplication$tryToExecute$executionStatus$1.invoke(RunnerApplication.kt:41)
	at com.testerum.common_kotlin.Classloader_utilsKt.runWithThreadContextClassLoader(classloader_utils.kt:8)
	at com.testerum.runner_cmdline.RunnerApplication.tryToExecute(RunnerApplication.kt:115)
	at com.testerum.runner_cmdline.RunnerApplication.execute(RunnerApplication.kt:60)
	at com.testerum.runner_cmdline.TesterumRunner.main(TesterumRunner.kt:44)

18:09:46.082  [INFO ] Started executing step [BASIC: GIVEN the variable <<name=tenDaysFromToday>> with value <<value={{(function(){var futureDate = new Date(...>>]
18:09:46.082  [INFO ] Finished executing step [BASIC: GIVEN the variable <<name=tenDaysFromToday>> with value <<value={{(function(){var futureDate = new Date(...>>]; status: [SKIPPED]
18:09:46.083  [INFO ] Started executing step [BASIC: THEN <<actualValue={{tenDaysFromToday}}>> is equal to <<expectedValue=2018-12-09>>]
18:09:46.083  [INFO ] Finished executing step [BASIC: THEN <<actualValue={{tenDaysFromToday}}>> is equal to <<expectedValue=2018-12-09>>]; status: [SKIPPED]
18:09:46.084  [INFO ] 18:09:46.084 [main] INFO com.testerum.runner_cmdline.runner_tree.nodes.hook.RunnerHook - start executing hook HookDef(phase=AFTER_EACH_TEST, className=selenium.actions.hooks.WebDriverShutdownHook, methodName=destroyWebDriver, order=2147483647, description=null)
18:09:46.084  [INFO ] 18:09:46.084 [main] INFO com.testerum.runner_cmdline.runner_tree.nodes.hook.RunnerHook - done executing hook HookDef(phase=AFTER_EACH_TEST, className=selenium.actions.hooks.WebDriverShutdownHook, methodName=destroyWebDriver, order=2147483647, description=null)
18:09:46.084  [INFO ] 
18:09:46.084  [INFO ] Finished executing test [JS expressions] at [unrelated/JS expressions.test]; status: [FAILED]
18:09:46.086  [INFO ] Started executing test [Mock Get User] at [unrelated/Mock Get User.test]
18:09:46.087  [INFO ] 18:09:46.086 [main] INFO com.testerum.runner_cmdline.runner_tree.nodes.hook.RunnerHook - start executing hook HookDef(phase=BEFORE_EACH_TEST, className=http.mock.HttpMockSteps, methodName=beforeTest, order=1000000, description=null)
18:09:46.087  [INFO ] 18:09:46.087 [main] INFO com.testerum.runner_cmdline.runner_tree.nodes.hook.RunnerHook - done executing hook HookDef(phase=BEFORE_EACH_TEST, className=http.mock.HttpMockSteps, methodName=beforeTest, order=1000000, description=null)
18:09:46.087  [INFO ] 
18:09:46.088  [INFO ] Started executing step [BASIC: GIVEN the HTTP Mock Server <<httpMockServer=file:Sample Mock Server.http.mock.server...>> with the Mock Request <<httpMock={"expectedRequest":{"method":"GET","url"...>>]
18:09:46.175  [INFO ] Finished executing step [BASIC: GIVEN the HTTP Mock Server <<httpMockServer=file:Sample Mock Server.http.mock.server...>> with the Mock Request <<httpMock={"expectedRequest":{"method":"GET","url"...>>]; status: [PASSED]
18:09:46.177  [INFO ] Started executing step [BASIC: WHEN I execute <<httpRequest={"method":"GET","url":"http://localhost:...>> HTTP Request]
18:09:46.213  [INFO ] HTTP Request [
GET http://localhost:12121/users/1

]
18:09:46.220  [INFO ] HTTP Response [
HTTP/1.1 200
Content-Type: application/json
Vary: Accept-Encoding, User-Agent
Transfer-Encoding: chunked
Server: Jetty(9.2.z-SNAPSHOT)

{
  "userName" : "Ionut Pruteanu",
  "email" : "ipruteanu@testerum.com"
}
]
18:09:46.220  [INFO ] Http Request executed successfully
18:09:46.221  [INFO ] Finished executing step [BASIC: WHEN I execute <<httpRequest={"method":"GET","url":"http://localhost:...>> HTTP Request]; status: [PASSED]
18:09:46.222  [INFO ] Started executing step [BASIC: THEN I expect <<httpResponseVerify={"expectedStatusCode":200,"expectedBody"...>> HTTP Response]
18:09:46.269  [INFO ] Finished executing step [BASIC: THEN I expect <<httpResponseVerify={"expectedStatusCode":200,"expectedBody"...>> HTTP Response]; status: [PASSED]
18:09:46.270  [INFO ] 18:09:46.269 [main] INFO com.testerum.runner_cmdline.runner_tree.nodes.hook.RunnerHook - start executing hook HookDef(phase=AFTER_EACH_TEST, className=selenium.actions.hooks.WebDriverShutdownHook, methodName=destroyWebDriver, order=2147483647, description=null)
18:09:46.270  [INFO ] 18:09:46.269 [main] INFO com.testerum.runner_cmdline.runner_tree.nodes.hook.RunnerHook - done executing hook HookDef(phase=AFTER_EACH_TEST, className=selenium.actions.hooks.WebDriverShutdownHook, methodName=destroyWebDriver, order=2147483647, description=null)
18:09:46.270  [INFO ] 
18:09:46.270  [INFO ] Finished executing test [Mock Get User] at [unrelated/Mock Get User.test]; status: [PASSED]
18:09:46.271  [INFO ] Finished executing feature [unrelated]; status: [FAILED]
