18:09:45.951  [INFO ] Started executing test [JS expressions] at [unrelated/JS expressions.test]
18:09:45.952  [INFO ] 18:09:45.952 [main] INFO com.testerum.runner_cmdline.runner_tree.nodes.hook.RunnerHook - start executing hook HookDef(phase=BEFORE_EACH_TEST, className=http.mock.HttpMockSteps, methodName=beforeTest, order=1000000, description=null)
18:09:45.952  [INFO ] 18:09:45.952 [main] INFO com.testerum.runner_cmdline.runner_tree.nodes.hook.RunnerHook - done executing hook HookDef(phase=BEFORE_EACH_TEST, className=http.mock.HttpMockSteps, methodName=beforeTest, order=1000000, description=null)
18:09:45.952  [INFO ] 
18:09:45.953  [INFO ] Started executing step [BASIC: GIVEN the variable <<name=today>> with value <<value={{new Date().toISOString().substr(0, 10)...>>]
18:09:46.013  [INFO ] Finished executing step [BASIC: GIVEN the variable <<name=today>> with value <<value={{new Date().toISOString().substr(0, 10)...>>]; status: [PASSED]
18:09:46.014  [INFO ] Started executing step [BASIC: THEN <<actualValue={{today}}>> is equal to <<expectedValue=2018-11-29>>]
18:09:46.069  [INFO ] Finished executing step [BASIC: THEN <<actualValue={{today}}>> is equal to <<expectedValue=2018-11-29>>]; status: [FAILED]; exception:
java.lang.AssertionError: expected [1979] to be equal to [2018-11-29], but was not
	at assertions.AssertionsSteps.assertEqualValues(AssertionsSteps.kt:12)
	at sun.reflect.NativeMethodAccessorImpl.invoke0(Native Method)
	at sun.reflect.NativeMethodAccessorImpl.invoke(NativeMethodAccessorImpl.java:62)
	at sun.reflect.DelegatingMethodAccessorImpl.invoke(DelegatingMethodAccessorImpl.java:43)
	at java.lang.reflect.Method.invoke(Method.java:498)
	at com.testerum.runner_cmdline.runner_tree.nodes.step.impl.RunnerBasicStep.doRun(RunnerBasicStep.kt:53)
	at com.testerum.runner_cmdline.runner_tree.nodes.step.RunnerStep.run(RunnerStep.kt:32)
	at com.testerum.runner_cmdline.runner_tree.nodes.test.RunnerTest.tryToRun(RunnerTest.kt:109)
	at com.testerum.runner_cmdline.runner_tree.nodes.test.RunnerTest.run(RunnerTest.kt:62)
	at com.testerum.runner_cmdline.runner_tree.nodes.feature.RunnerFeature.tryToRun(RunnerFeature.kt:61)
	at com.testerum.runner_cmdline.runner_tree.nodes.feature.RunnerFeature.run(RunnerFeature.kt:46)
	at com.testerum.runner_cmdline.runner_tree.nodes.suite.RunnerSuite.runTests(RunnerSuite.kt:112)
	at com.testerum.runner_cmdline.runner_tree.nodes.suite.RunnerSuite.run(RunnerSuite.kt:66)
	at com.testerum.runner_cmdline.RunnerApplication$tryToExecute$executionStatus$1.invoke(RunnerApplication.kt:116)
	at com.testerum.runner_cmdline.RunnerApplication$tryToExecute$executionStatus$1.invoke(RunnerApplication.kt:41)
	at com.testerum.common_kotlin.Classloader_utilsKt.runWithThreadContextClassLoader(classloader_utils.kt:8)
	at com.testerum.runner_cmdline.RunnerApplication.tryToExecute(RunnerApplication.kt:115)
	at com.testerum.runner_cmdline.RunnerApplication.execute(RunnerApplication.kt:60)
	at com.testerum.runner_cmdline.TesterumRunner.main(TesterumRunner.kt:44)

18:09:46.082  [INFO ] Started executing step [BASIC: GIVEN the variable <<name=tenDaysFromToday>> with value <<value={{(function(){var futureDate = new Date(...>>]
18:09:46.082  [INFO ] Finished executing step [BASIC: GIVEN the variable <<name=tenDaysFromToday>> with value <<value={{(function(){var futureDate = new Date(...>>]; status: [SKIPPED]
18:09:46.083  [INFO ] Started executing step [BASIC: THEN <<actualValue={{tenDaysFromToday}}>> is equal to <<expectedValue=2018-12-09>>]
18:09:46.083  [INFO ] Finished executing step [BASIC: THEN <<actualValue={{tenDaysFromToday}}>> is equal to <<expectedValue=2018-12-09>>]; status: [SKIPPED]
18:09:46.084  [INFO ] 18:09:46.084 [main] INFO com.testerum.runner_cmdline.runner_tree.nodes.hook.RunnerHook - start executing hook HookDef(phase=AFTER_EACH_TEST, className=selenium.actions.hooks.WebDriverShutdownHook, methodName=destroyWebDriver, order=2147483647, description=null)
18:09:46.084  [INFO ] 18:09:46.084 [main] INFO com.testerum.runner_cmdline.runner_tree.nodes.hook.RunnerHook - done executing hook HookDef(phase=AFTER_EACH_TEST, className=selenium.actions.hooks.WebDriverShutdownHook, methodName=destroyWebDriver, order=2147483647, description=null)
18:09:46.084  [INFO ] 
18:09:46.084  [INFO ] Finished executing test [JS expressions] at [unrelated/JS expressions.test]; status: [FAILED]
